[0323/234710.216:ERROR:process_reader_win.cc(151)] SuspendThread: Access is denied. (0x5)
[0323/234710.216:ERROR:process_reader_win.cc(151)] SuspendThread: Access is denied. (0x5)
[0323/234710.825:ERROR:process_reader_win.cc(123)] NtOpenThread: {Access Denied} A process has requested access to an object, but has not been granted those access rights. (0xc0000022)
[0323/234710.909:ERROR:process_reader_win.cc(151)] SuspendThread: Access is denied. (0x5)
[0323/234710.217:ERROR:process_reader_win.cc(151)] SuspendThread: Access is denied. (0x5)
[0323/234710.218:ERROR:process_reader_win.cc(151)] SuspendThread: Access is denied. (0x5)
[0323/234710.216:ERROR:process_reader_win.cc(151)] SuspendThread: Access is denied. (0x5)
[0323/234710.218:ERROR:process_reader_win.cc(151)] SuspendThread: Access is denied. (0x5)
[0323/234710.217:ERROR:process_reader_win.cc(151)] SuspendThread: Access is denied. (0x5)
[0323/234710.217:ERROR:process_reader_win.cc(151)] SuspendThread: Access is denied. (0x5)
[0323/234710.218:ERROR:process_reader_win.cc(151)] SuspendThread: Access is denied. (0x5)
[0323/234710.218:ERROR:process_reader_win.cc(151)] SuspendThread: Access is denied. (0x5)
[0323/234710.206:ERROR:scoped_process_suspend.cc(31)] NtSuspendProcess: An attempt was made to access an exiting process. (0xc000010a)
[0323/234710.217:ERROR:process_reader_win.cc(151)] SuspendThread: Access is denied. (0x5)
[0323/234710.217:ERROR:process_reader_win.cc(151)] SuspendThread: Access is denied. (0x5)
[0323/234710.955:ERROR:process_reader_win.cc(151)] SuspendThread: Access is denied. (0x5)
[0323/234710.955:ERROR:exception_snapshot_win.cc(98)] thread ID 8512 not found in process
[0323/234710.955:ERROR:process_reader_win.cc(151)] SuspendThread: Access is denied. (0x5)
[0323/234710.955:ERROR:process_reader_win.cc(151)] SuspendThread: Access is denied. (0x5)
[0323/234710.956:ERROR:process_reader_win.cc(151)] SuspendThread: Access is denied. (0x5)
[0323/234710.956:ERROR:process_reader_win.cc(151)] SuspendThread: Access is denied. (0x5)
[0323/234710.955:ERROR:process_reader_win.cc(151)] SuspendThread: Access is denied. (0x5)
[0323/234710.956:ERROR:process_reader_win.cc(151)] SuspendThread: Access is denied. (0x5)
[0323/234710.956:ERROR:process_reader_win.cc(151)] SuspendThread: Access is denied. (0x5)
[0323/234710.956:ERROR:process_reader_win.cc(151)] SuspendThread: Access is denied. (0x5)
[0323/234710.956:ERROR:process_reader_win.cc(151)] SuspendThread: Access is denied. (0x5)
[0323/234710.955:ERROR:process_reader_win.cc(151)] SuspendThread: Access is denied. (0x5)
[0323/234710.956:ERROR:process_reader_win.cc(151)] SuspendThread: Access is denied. (0x5)
[0323/234710.956:ERROR:process_reader_win.cc(151)] SuspendThread: Access is denied. (0x5)
[0323/234710.956:ERROR:process_reader_win.cc(151)] SuspendThread: Access is denied. (0x5)
[0323/234710.956:ERROR:process_reader_win.cc(151)] SuspendThread: Access is denied. (0x5)
[0323/234710.956:ERROR:process_reader_win.cc(151)] SuspendThread: Access is denied. (0x5)
[0323/234710.956:ERROR:process_reader_win.cc(151)] SuspendThread: Access is denied. (0x5)
[0323/234710.956:ERROR:process_reader_win.cc(151)] SuspendThread: Access is denied. (0x5)
[0323/234710.956:ERROR:process_reader_win.cc(151)] SuspendThread: Access is denied. (0x5)
[0323/234710.956:ERROR:process_reader_win.cc(151)] SuspendThread: Access is denied. (0x5)
[0323/234710.955:ERROR:process_reader_win.cc(151)] SuspendThread: Access is denied. (0x5)
[0323/234710.956:ERROR:process_reader_win.cc(151)] SuspendThread: Access is denied. (0x5)
[0323/234710.955:ERROR:process_reader_win.cc(151)] SuspendThread: Access is denied. (0x5)
[0323/234710.955:ERROR:process_reader_win.cc(151)] SuspendThread: Access is denied. (0x5)
[0323/234710.956:ERROR:process_reader_win.cc(151)] SuspendThread: Access is denied. (0x5)
[0323/234710.955:ERROR:process_reader_win.cc(151)] SuspendThread: Access is denied. (0x5)
[0323/234710.956:ERROR:process_reader_win.cc(151)] SuspendThread: Access is denied. (0x5)
[0323/234710.956:ERROR:process_info.cc(118)] ReadProcessMemory bool __cdecl crashpad::(anonymous namespace)::ReadStruct(HANDLE, crashpad::WinVMAddress, T *) [T = crashpad::process_types::PEB<crashpad::process_types::internal::Traits64>]: Only part of a ReadProcessMemory or WriteProcessMemory request was completed. (0x12B)
[0323/234710.956:ERROR:process_reader_win.cc(151)] SuspendThread: Access is denied. (0x5)
[0323/234710.956:ERROR:process_reader_win.cc(151)] SuspendThread: Access is denied. (0x5)
[0323/234710.955:ERROR:process_reader_win.cc(151)] SuspendThread: Access is denied. (0x5)
[0323/234710.955:ERROR:process_reader_win.cc(151)] SuspendThread: Access is denied. (0x5)
[0323/234710.956:ERROR:process_reader_win.cc(151)] SuspendThread: Access is denied. (0x5)
[0323/234710.956:ERROR:process_reader_win.cc(151)] SuspendThread: Access is denied. (0x5)
[0323/234710.956:ERROR:process_reader_win.cc(151)] SuspendThread: Access is denied. (0x5)
[0323/234710.956:ERROR:process_reader_win.cc(151)] SuspendThread: Access is denied. (0x5)
[0323/234710.956:ERROR:process_reader_win.cc(151)] SuspendThread: Access is denied. (0x5)
[0323/234710.956:ERROR:process_reader_win.cc(151)] SuspendThread: Access is denied. (0x5)
[0323/234710.956:ERROR:process_reader_win.cc(151)] SuspendThread: Access is denied. (0x5)
[0323/234710.956:ERROR:process_reader_win.cc(151)] SuspendThread: Access is denied. (0x5)
[0323/234710.956:ERROR:process_reader_win.cc(151)] SuspendThread: Access is denied. (0x5)
[0323/234710.956:ERROR:process_reader_win.cc(151)] SuspendThread: Access is denied. (0x5)
[0323/234710.956:ERROR:process_reader_win.cc(151)] SuspendThread: Access is denied. (0x5)
[0323/234710.956:ERROR:process_info.cc(551)] ReadProcessData failed
[0323/234710.956:ERROR:process_reader_win.cc(123)] NtOpenThread: {Access Denied} A process has requested access to an object, but has not been granted those access rights. (0xc0000022)
[0323/234710.956:ERROR:process_reader_win.cc(151)] SuspendThread: Access is denied. (0x5)
[0323/234710.956:ERROR:process_reader_win.cc(151)] SuspendThread: Access is denied. (0x5)
[0323/234710.955:ERROR:process_reader_win.cc(151)] SuspendThread: Access is denied. (0x5)
[0323/234710.956:ERROR:process_reader_win.cc(151)] SuspendThread: Access is denied. (0x5)
[0323/234710.956:ERROR:process_reader_win.cc(151)] SuspendThread: Access is denied. (0x5)
[0323/234710.956:ERROR:process_reader_win.cc(151)] SuspendThread: Access is denied. (0x5)
[0323/234710.956:ERROR:exception_snapshot_win.cc(98)] thread ID 5548 not found in process
[0323/234710.956:ERROR:process_reader_win.cc(151)] SuspendThread: Access is denied. (0x5)
[0323/234710.956:ERROR:process_reader_win.cc(151)] SuspendThread: Access is denied. (0x5)
[0323/234710.956:ERROR:process_reader_win.cc(151)] SuspendThread: Access is denied. (0x5)
[0323/234710.956:ERROR:process_reader_win.cc(151)] SuspendThread: Access is denied. (0x5)
[0323/234710.955:ERROR:process_reader_win.cc(151)] SuspendThread: Access is denied. (0x5)
[0323/234710.956:ERROR:process_reader_win.cc(151)] SuspendThread: Access is denied. (0x5)
[0323/234710.956:ERROR:process_reader_win.cc(151)] SuspendThread: Access is denied. (0x5)
[0323/234710.956:ERROR:process_reader_win.cc(151)] SuspendThread: Access is denied. (0x5)
[0323/234710.956:ERROR:process_reader_win.cc(151)] SuspendThread: Access is denied. (0x5)
[0323/234710.956:ERROR:process_reader_win.cc(151)] SuspendThread: Access is denied. (0x5)
[0323/234710.956:ERROR:process_reader_win.cc(151)] SuspendThread: Access is denied. (0x5)
[0323/234710.956:ERROR:process_reader_win.cc(151)] SuspendThread: Access is denied. (0x5)
[0323/234710.956:ERROR:process_reader_win.cc(151)] SuspendThread: Access is denied. (0x5)
[0323/234710.956:ERROR:process_reader_win.cc(151)] SuspendThread: Access is denied. (0x5)
[0323/234710.956:ERROR:process_reader_win.cc(151)] SuspendThread: Access is denied. (0x5)
[0323/234710.956:ERROR:process_reader_win.cc(151)] SuspendThread: Access is denied. (0x5)
[0323/234710.956:ERROR:process_reader_win.cc(151)] SuspendThread: Access is denied. (0x5)
[0323/234710.956:ERROR:process_reader_win.cc(151)] SuspendThread: Access is denied. (0x5)
[0323/234710.956:ERROR:process_reader_win.cc(123)] NtOpenThread: {Access Denied} A process has requested access to an object, but has not been granted those access rights. (0xc0000022)
[0323/234710.956:ERROR:process_reader_win.cc(151)] SuspendThread: Access is denied. (0x5)
[0323/234710.956:ERROR:process_reader_win.cc(151)] SuspendThread: Access is denied. (0x5)
[0323/234710.956:ERROR:process_reader_win.cc(123)] NtOpenThread: {Access Denied} A process has requested access to an object, but has not been granted those access rights. (0xc0000022)
[0323/234710.956:ERROR:exception_snapshot_win.cc(98)] thread ID 8880 not found in process
[0323/234710.956:ERROR:process_reader_win.cc(151)] SuspendThread: Access is denied. (0x5)
[0323/234710.956:ERROR:exception_snapshot_win.cc(98)] thread ID 6136 not found in process
[0323/234710.956:ERROR:exception_snapshot_win.cc(98)] thread ID 6788 not found in process
[0323/234710.956:ERROR:process_reader_win.cc(151)] SuspendThread: Access is denied. (0x5)
[0323/234710.957:ERROR:process_reader_win.cc(151)] SuspendThread: Access is denied. (0x5)
[0323/234710.956:ERROR:process_reader_win.cc(123)] NtOpenThread: {Access Denied} A process has requested access to an object, but has not been granted those access rights. (0xc0000022)
[0323/234710.957:ERROR:process_reader_win.cc(151)] SuspendThread: Access is denied. (0x5)
[0323/234710.956:ERROR:exception_snapshot_win.cc(98)] thread ID 8772 not found in process
[0323/234710.956:ERROR:process_reader_win.cc(151)] SuspendThread: Access is denied. (0x5)
[0323/234710.957:ERROR:process_reader_win.cc(151)] SuspendThread: Access is denied. (0x5)
[0323/234710.957:ERROR:process_reader_win.cc(151)] SuspendThread: Access is denied. (0x5)
[0323/234710.957:ERROR:exception_snapshot_win.cc(98)] thread ID 2896 not found in process
[0323/234710.957:ERROR:process_reader_win.cc(151)] SuspendThread: Access is denied. (0x5)
[0323/234710.957:ERROR:process_reader_win.cc(151)] SuspendThread: Access is denied. (0x5)
[0323/234710.957:ERROR:process_reader_win.cc(151)] SuspendThread: Access is denied. (0x5)
[0323/234710.955:ERROR:process_reader_win.cc(151)] SuspendThread: Access is denied. (0x5)
[0323/234710.957:ERROR:process_reader_win.cc(151)] SuspendThread: Access is denied. (0x5)
[0323/234710.957:ERROR:process_reader_win.cc(151)] SuspendThread: Access is denied. (0x5)
[0323/234710.957:ERROR:process_reader_win.cc(151)] SuspendThread: Access is denied. (0x5)
[0323/234710.957:ERROR:process_reader_win.cc(151)] SuspendThread: Access is denied. (0x5)
[0323/234710.957:ERROR:process_reader_win.cc(123)] NtOpenThread: {Access Denied} A process has requested access to an object, but has not been granted those access rights. (0xc0000022)
[0323/234710.957:ERROR:process_reader_win.cc(151)] SuspendThread: Access is denied. (0x5)
[0323/234710.957:ERROR:exception_snapshot_win.cc(98)] thread ID 5216 not found in process
[0323/234710.957:ERROR:process_reader_win.cc(151)] SuspendThread: Access is denied. (0x5)
[0323/234710.956:ERROR:process_reader_win.cc(151)] SuspendThread: Access is denied. (0x5)
[0323/234710.957:ERROR:process_reader_win.cc(151)] SuspendThread: Access is denied. (0x5)
[0323/234710.957:ERROR:process_reader_win.cc(151)] SuspendThread: Access is denied. (0x5)
[0323/234710.957:ERROR:process_reader_win.cc(151)] SuspendThread: Access is denied. (0x5)
[0323/234710.957:ERROR:process_reader_win.cc(151)] SuspendThread: Access is denied. (0x5)
[0323/234710.957:ERROR:process_reader_win.cc(151)] SuspendThread: Access is denied. (0x5)
[0323/234710.957:ERROR:process_reader_win.cc(151)] SuspendThread: Access is denied. (0x5)
[0323/234710.957:ERROR:process_reader_win.cc(151)] SuspendThread: Access is denied. (0x5)
[0323/234710.957:ERROR:process_reader_win.cc(151)] SuspendThread: Access is denied. (0x5)
[0323/234710.957:ERROR:process_reader_win.cc(151)] SuspendThread: Access is denied. (0x5)
[0323/234710.957:ERROR:process_reader_win.cc(151)] SuspendThread: Access is denied. (0x5)
[0323/234710.957:ERROR:process_reader_win.cc(151)] SuspendThread: Access is denied. (0x5)
[0323/234710.957:ERROR:process_reader_win.cc(151)] SuspendThread: Access is denied. (0x5)
[0323/234710.957:ERROR:process_reader_win.cc(151)] SuspendThread: Access is denied. (0x5)
[0323/234710.957:ERROR:process_reader_win.cc(151)] SuspendThread: Access is denied. (0x5)
[0323/234710.957:ERROR:process_reader_win.cc(151)] SuspendThread: Access is denied. (0x5)
[0323/234710.957:ERROR:process_reader_win.cc(151)] SuspendThread: Access is denied. (0x5)
[0323/234710.957:ERROR:process_reader_win.cc(151)] SuspendThread: Access is denied. (0x5)
[0323/234710.957:ERROR:process_reader_win.cc(151)] SuspendThread: Access is denied. (0x5)
[0323/234710.957:ERROR:process_reader_win.cc(151)] SuspendThread: Access is denied. (0x5)
[0323/234710.957:ERROR:process_reader_win.cc(151)] SuspendThread: Access is denied. (0x5)
[0323/234710.957:ERROR:process_reader_win.cc(151)] SuspendThread: Access is denied. (0x5)
[0323/234710.957:ERROR:process_reader_win.cc(151)] SuspendThread: Access is denied. (0x5)
[0323/234710.957:ERROR:process_reader_win.cc(123)] NtOpenThread: {Access Denied} A process has requested access to an object, but has not been granted those access rights. (0xc0000022)
[0323/234710.957:ERROR:process_reader_win.cc(123)] NtOpenThread: {Access Denied} A process has requested access to an object, but has not been granted those access rights. (0xc0000022)
[0323/234710.957:ERROR:process_reader_win.cc(151)] SuspendThread: Access is denied. (0x5)
[0323/234710.957:ERROR:exception_snapshot_win.cc(98)] thread ID 864 not found in process
[0323/234710.957:ERROR:process_reader_win.cc(123)] NtOpenThread: {Access Denied} A process has requested access to an object, but has not been granted those access rights. (0xc0000022)
[0323/234710.957:ERROR:exception_snapshot_win.cc(98)] thread ID 6840 not found in process
[0323/234710.956:ERROR:process_reader_win.cc(151)] SuspendThread: Access is denied. (0x5)
[0323/234710.957:ERROR:exception_snapshot_win.cc(98)] thread ID 8412 not found in process
[0323/234710.957:ERROR:process_reader_win.cc(151)] SuspendThread: Access is denied. (0x5)
[0323/234710.958:ERROR:process_reader_win.cc(151)] SuspendThread: Access is denied. (0x5)
[0323/234710.958:ERROR:process_reader_win.cc(123)] NtOpenThread: {Access Denied} A process has requested access to an object, but has not been granted those access rights. (0xc0000022)
[0323/234710.958:ERROR:process_reader_win.cc(151)] SuspendThread: Access is denied. (0x5)
[0323/234710.958:ERROR:exception_snapshot_win.cc(98)] thread ID 8048 not found in process
[0323/234710.958:ERROR:exception_snapshot_win.cc(98)] thread ID 4148 not found in process
[0323/234710.957:ERROR:exception_snapshot_win.cc(98)] thread ID 9044 not found in process
[0323/234711.060:ERROR:process_reader_win.cc(151)] SuspendThread: Access is denied. (0x5)
[0323/234711.061:ERROR:process_reader_win.cc(151)] SuspendThread: Access is denied. (0x5)
[0323/234711.061:ERROR:process_reader_win.cc(151)] SuspendThread: Access is denied. (0x5)
[0323/234711.061:ERROR:process_reader_win.cc(151)] SuspendThread: Access is denied. (0x5)
[0323/234711.061:ERROR:process_reader_win.cc(151)] SuspendThread: Access is denied. (0x5)
[0323/234711.061:ERROR:process_reader_win.cc(151)] SuspendThread: Access is denied. (0x5)
[0323/234711.061:ERROR:process_reader_win.cc(151)] SuspendThread: Access is denied. (0x5)
[0323/234711.061:ERROR:process_reader_win.cc(151)] SuspendThread: Access is denied. (0x5)
[0323/234711.061:ERROR:process_reader_win.cc(151)] SuspendThread: Access is denied. (0x5)
[0323/234711.061:ERROR:exception_snapshot_win.cc(98)] thread ID 7656 not found in process
[0323/234711.071:ERROR:process_reader_win.cc(123)] NtOpenThread: {Access Denied} A process has requested access to an object, but has not been granted those access rights. (0xc0000022)
[0323/234711.071:ERROR:exception_snapshot_win.cc(98)] thread ID 6212 not found in process
[0323/234711.456:ERROR:process_reader_win.cc(151)] SuspendThread: Access is denied. (0x5)
[0323/234711.456:ERROR:process_reader_win.cc(151)] SuspendThread: Access is denied. (0x5)
[0323/234711.456:ERROR:process_reader_win.cc(151)] SuspendThread: Access is denied. (0x5)
[0323/234711.456:ERROR:process_reader_win.cc(151)] SuspendThread: Access is denied. (0x5)
[0323/234711.456:ERROR:process_reader_win.cc(151)] SuspendThread: Access is denied. (0x5)
[0323/234711.456:ERROR:process_reader_win.cc(151)] SuspendThread: Access is denied. (0x5)
[0323/234711.456:ERROR:process_reader_win.cc(151)] SuspendThread: Access is denied. (0x5)
[0323/234711.456:ERROR:process_reader_win.cc(123)] NtOpenThread: {Access Denied} A process has requested access to an object, but has not been granted those access rights. (0xc0000022)
[0323/234711.456:ERROR:exception_snapshot_win.cc(98)] thread ID 6836 not found in process
